#
# There is insufficient memory for the Java Runtime Environment to continue.
# Native memory allocation (malloc) failed to allocate 32744 bytes for ChunkPool::allocate
# Possible reasons:
#   The system is out of physical RAM or swap space
#   In 32 bit mode, the process size limit was hit
# Possible solutions:
#   Reduce memory load on the system
#   Increase physical memory or swap space
#   Check if swap backing store is full
#   Use 64 bit Java on a 64 bit OS
#   Decrease Java heap size (-Xmx/-Xms)
#   Decrease number of Java threads
#   Decrease Java thread stack sizes (-Xss)
#   Set larger code cache with -XX:ReservedCodeCacheSize=
# This output file may be truncated or incomplete.
#
#  Out of Memory Error (allocation.cpp:273), pid=2224, tid=0x00000000000018c0
#
# JRE version: Java(TM) SE Runtime Environment (8.0_101-b13) (build 1.8.0_101-b13)
# Java VM: Java HotSpot(TM) 64-Bit Server VM (25.101-b13 mixed mode windows-amd64 compressed oops)
# Failed to write core dump. Minidumps are not enabled by default on client versions of Windows
#

---------------  T H R E A D  ---------------

Current thread (0x000000001493f800):  JavaThread "C1 CompilerThread1" daemon [_thread_in_native, id=6336, stack(0x0000000015b40000,0x0000000015c40000)]

Stack: [0x0000000015b40000,0x0000000015c40000]
[error occurred during error reporting (printing stack bounds), id 0xc0000005]

Native frames: (J=compiled Java code, j=interpreted, Vv=VM code, C=native code)


Current CompileTask:
C1:   1548   88       3      
[error occurred during error reporting (printing current compile task), id 0xe0000001]


---------------  P R O C E S S  ---------------

Java Threads: ( => current thread )
  0x00000000149c4800 JavaThread "Service Thread" daemon [_thread_blocked, id=7512, stack(0x0000000015c40000,0x0000000015d40000)]
=>0x000000001493f800 JavaThread "C1 CompilerThread1" daemon [_thread_in_native, id=6336, stack(0x0000000015b40000,0x0000000015c40000)]
  0x000000001493c800 JavaThread "C2 CompilerThread0" daemon [_thread_in_native, id=5476, stack(0x0000000015a40000,0x0000000015b40000)]
  0x000000001493b000 JavaThread "Attach Listener" daemon [_thread_blocked, id=7592, stack(0x0000000015940000,0x0000000015a40000)]
  0x0000000014935800 JavaThread "Signal Dispatcher" daemon [_thread_blocked, id=6944, stack(0x0000000015840000,0x0000000015940000)]
  0x0000000014928800 JavaThread "Finalizer" daemon [_thread_blocked, id=7224, stack(0x0000000015570000,0x0000000015670000)]
  0x000000000247b800 JavaThread "Reference Handler" daemon [_thread_blocked, id=4416, stack(0x0000000015470000,0x0000000015570000)]
  0x0000000002390800 JavaThread "main" [_thread_in_Java, id=1216, stack(0x0000000002250000,0x0000000002350000)]

Other Threads:
  0x0000000014906000 VMThread [stack: 0x0000000015370000,0x0000000015470000] [id=2276]
  0x00000000149c9000 WatcherThread [stack: 0x0000000015d40000,0x0000000015e40000] [id=6680]

VM state:not at safepoint (normal execution)

VM Mutex/Monitor currently owned by a thread: None

Heap:
 PSYoungGen      total 9728K, used 5125K [0x00000000eab00000, 0x00000000eb580000, 0x0000000100000000)
  eden space 8704K, 58% used [0x00000000eab00000,0x00000000eb0015a0,0x00000000eb380000)
  from space 1024K, 0% used [0x00000000eb480000,0x00000000eb480000,0x00000000eb580000)
  to   space 1024K, 0% used [0x00000000eb380000,0x00000000eb380000,0x00000000eb480000)
 ParOldGen       total 22016K, used 0K [0x00000000c0000000, 0x00000000c1580000, 0x00000000eab00000)
  object space 22016K, 0% used [0x00000000c0000000,0x00000000c0000000,0x00000000c1580000)
 Metaspace       used 3386K, capacity 4720K, committed 4864K, reserved 1056768K
  class space    used 372K, capacity 424K, committed 512K, reserved 1048576K

Card table byte_map: [0x0000000011850000,0x0000000011a60000] byte_map_base: 0x0000000011250000

Marking Bits: (ParMarkBitMap*) 0x000000005a61a6d0
 Begin Bits: [0x0000000011dc0000, 0x0000000012dc0000)
 End Bits:   [0x0000000012dc0000, 0x0000000013dc0000)

Polling page: 0x0000000002350000

CodeCache: size=245760Kb used=1215Kb max_used=1215Kb free=244544Kb
 bounds [0x0000000002490000, 0x0000000002700000, 0x0000000011490000]
 total_blobs=332 nmethods=90 adapters=156
 compilation: enabled

Compilation events (10 events):
Event: 1.325 Thread 0x000000001493f800 nmethod 81 0x00000000025bd250 code [0x00000000025bd400, 0x00000000025bda50]
Event: 1.331 Thread 0x000000001493f800   82       3       java.util.zip.ZipFile::access$400 (5 bytes)
Event: 1.332 Thread 0x000000001493f800 nmethod 82 0x00000000025bde10 code [0x00000000025bdf60, 0x00000000025be090]
Event: 1.341 Thread 0x000000001493f800   84       1       java.util.zip.ZipFile::access$300 (5 bytes)
Event: 1.342 Thread 0x000000001493f800 nmethod 84 0x00000000025be510 code [0x00000000025be660, 0x00000000025be750]
Event: 1.342 Thread 0x000000001493f800   85       3       java.util.zip.ZipFile::ensureOpen (37 bytes)
Event: 1.342 Thread 0x000000001493f800 nmethod 85 0x00000000025be7d0 code [0x00000000025be960, 0x00000000025bec38]
Event: 1.342 Thread 0x000000001493f800   86       1       java.util.zip.ZipCoder::isUTF8 (5 bytes)
Event: 1.342 Thread 0x000000001493f800 nmethod 86 0x00000000025bed50 code [0x00000000025beea0, 0x00000000025befb0]
Event: 1.348 Thread 0x000000001493f800   88       3       sun.nio.cs.UTF_8$Decoder::decode (779 bytes)

GC Heap History (0 events):
No events

Deoptimization events (0 events):
No events

Internal exceptions (2 events):
Event: 0.350 Thread 0x0000000002390800 Exception <a 'java/lang/NoSuchMethodError': Method sun.misc.Unsafe.defineClass(Ljava/lang/String;[BII)Ljava/lang/Class; name or signature does not match> (0x00000000eab07cc0) thrown at [C:\re\workspace\8-2-build-windows-amd64-cygwin\jdk8u101\7261\hotspot\s%ð¯kÖ?
Event: 0.350 Thread 0x0000000002390800 Exception <a 'java/lang/NoSuchMethodError': Method sun.misc.Unsafe.prefetchRead(Ljava/lang/Object;J)V name or signature does not match> (0x00000000eab07fa8) thrown at [C:\re\workspace\8-2-build-windows-amd64-cygwin\jdk8u101\7261\hotspot\src\share\vm\prims\

Events (10 events):
Event: 1.399 loading class java/util/regex/Pattern$GroupHead done
Event: 1.399 loading class java/util/regex/Pattern$Slice
Event: 1.399 loading class java/util/regex/Pattern$SliceNode
Event: 1.399 loading class java/util/regex/Pattern$SliceNode done
Event: 1.399 loading class java/util/regex/Pattern$Slice done
Event: 1.399 loading class java/util/regex/Pattern$BnM
Event: 1.399 loading class java/util/regex/Pattern$BnM done
Event: 1.399 loading class java/util/regex/Pattern$SliceS
Event: 1.399 loading class java/util/regex/Pattern$SliceS done
Event: 1.399 loading class java/util/regex/Matcher


Dynamic libraries:
0x00007ff797020000 - 0x00007ff797057000 	C:\Program Files\Java\jdk1.8.0_101\bin\java.exe
0x00007ffdc91f0000 - 0x00007ffdc939d000 	C:\Windows\SYSTEM32\ntdll.dll
0x00007ffdc8240000 - 0x00007ffdc837a000 	C:\Windows\system32\KERNEL32.DLL
0x00007ffdc6760000 - 0x00007ffdc6875000 	C:\Windows\system32\KERNELBASE.dll
0x00007ffdc4f80000 - 0x00007ffdc5008000 	C:\Windows\system32\apphelp.dll
0x00007ffdaa820000 - 0x00007ffdaa86f000 	C:\Windows\AppPatch\AppPatch64\AcGenral.DLL
0x00007ffdc8390000 - 0x00007ffdc8437000 	C:\Windows\system32\msvcrt.dll
0x00007ffdc6880000 - 0x00007ffdc68ab000 	C:\Windows\system32\SspiCli.dll
0x00007ffdc80a0000 - 0x00007ffdc80f1000 	C:\Windows\system32\SHLWAPI.dll
0x00007ffdc84c0000 - 0x00007ffdc8637000 	C:\Windows\system32\USER32.dll
0x00007ffdc8830000 - 0x00007ffdc89c4000 	C:\Windows\system32\ole32.dll
0x00007ffdc6ac0000 - 0x00007ffdc7feb000 	C:\Windows\system32\SHELL32.dll
0x00007ffdc5960000 - 0x00007ffdc597f000 	C:\Windows\SYSTEM32\USERENV.dll
0x00007ffdc7ff0000 - 0x00007ffdc809a000 	C:\Windows\system32\ADVAPI32.dll
0x00007ffdc4ce0000 - 0x00007ffdc4cfb000 	C:\Windows\SYSTEM32\MPR.dll
0x00007ffdc8100000 - 0x00007ffdc8240000 	C:\Windows\system32\RPCRT4.dll
0x00007ffdc68c0000 - 0x00007ffdc6919000 	C:\Windows\SYSTEM32\sechost.dll
0x00007ffdc8d40000 - 0x00007ffdc8f51000 	C:\Windows\SYSTEM32\combase.dll
0x00007ffdc8b90000 - 0x00007ffdc8cdf000 	C:\Windows\system32\GDI32.dll
0x00007ffdc6360000 - 0x00007ffdc6374000 	C:\Windows\SYSTEM32\profapi.dll
0x00007ffdc4c30000 - 0x00007ffdc4ccf000 	C:\Windows\SYSTEM32\SHCORE.dll
0x00007ffdc6a80000 - 0x00007ffdc6ab4000 	C:\Windows\system32\IMM32.DLL
0x00007ffdc6920000 - 0x00007ffdc6a72000 	C:\Windows\system32\MSCTF.dll
0x00007ffdc3c90000 - 0x00007ffdc3f0a000 	C:\Windows\WinSxS\amd64_microsoft.windows.common-controls_6595b64144ccf1df_6.0.9600.17810_none_6240b9c7ecbd0bda\COMCTL32.dll
0x0000000059870000 - 0x0000000059942000 	C:\Program Files\Java\jdk1.8.0_101\jre\bin\msvcr100.dll
0x0000000059e00000 - 0x000000005a69a000 	C:\Program Files\Java\jdk1.8.0_101\jre\bin\server\jvm.dll
0x00007ffda4510000 - 0x00007ffda4519000 	C:\Windows\SYSTEM32\WSOCK32.dll
0x00007ffdc41e0000 - 0x00007ffdc41ff000 	C:\Windows\SYSTEM32\WINMM.dll
0x00007ffdbf070000 - 0x00007ffdbf07a000 	C:\Windows\SYSTEM32\VERSION.dll
0x00007ffdc68b0000 - 0x00007ffdc68b7000 	C:\Windows\system32\PSAPI.DLL
0x00007ffdc8ce0000 - 0x00007ffdc8d3a000 	C:\Windows\system32\WS2_32.dll
0x00007ffdc3a50000 - 0x00007ffdc3a7a000 	C:\Windows\SYSTEM32\WINMMBASE.dll
0x00007ffdc8380000 - 0x00007ffdc8389000 	C:\Windows\system32\NSI.dll
0x00007ffdc6480000 - 0x00007ffdc64ca000 	C:\Windows\SYSTEM32\cfgmgr32.dll
0x00007ffdc51d0000 - 0x00007ffdc51f6000 	C:\Windows\SYSTEM32\DEVOBJ.dll
0x0000000059d10000 - 0x0000000059d1f000 	C:\Program Files\Java\jdk1.8.0_101\jre\bin\verify.dll
0x0000000059ce0000 - 0x0000000059d09000 	C:\Program Files\Java\jdk1.8.0_101\jre\bin\java.dll
0x0000000059cc0000 - 0x0000000059cd6000 	C:\Program Files\Java\jdk1.8.0_101\jre\bin\zip.dll

VM Arguments:
jvm_args: -Djava.awt.headless=true -Xmx1024M -Dfile.encoding=windows-1251 -Duser.country=RU -Duser.language=ru -Duser.variant 
java_command: com.android.dx.command.Main --dex --num-threads=4 --output D:\AndroidApps\TeacherApp\app\build\intermediates\pre-dexed\debug\support-v4-18.0.0_2205dc014a04cdd7fdcc3c6d3e2e8c6be689c2fc.jar C:\Android\sdk\extras\android\m2repository\com\android\support\support-v4\18.0.0\support-v4-18.0.0.jar
java_class_path (initial): C:\Android\sdk\build-tools\25.0.1\lib\dx.jar
Launcher Type: SUN_STANDARD

Environment Variables:
PATH=C:\ProgramData\Oracle\Java\javapath;C:\Windows\SYSTEM32;C:\Windows;C:\Windows\SYSTEM32\WBEM;C:\Windows\SYSTEM32\WINDOWSPOWERSHELL\V1.0\;C:\PROGRAM FILES (X86)\ATI TECHNOLOGIES\ATI.ACE\CORE-STATIC;D:\WinPython-64bit-3.4.4.3Qt5\python-3.4.4.amd64\;D:\WinPython-64bit-3.4.4.3Qt5\python-3.4.4.amd64\Scripts\;C:\Program Files\Git\cmd
USERNAME=Êèðèëë
OS=Windows_NT
PROCESSOR_IDENTIFIER=Intel64 Family 6 Model 55 Stepping 8, GenuineIntel



---------------  S Y S T E M  ---------------

OS: Windows 8.1 , 64 bit Build 9600 (6.3.9600.17031)

CPU:total 2 (2 cores per cpu, 1 threads per core) family 6 model 55 stepping 8, cmov, cx8, fxsr, mmx, sse, sse2, sse3, ssse3, sse4.1, sse4.2, popcnt, clmul, erms, 3dnowpref, tsc, tscinvbit

Memory: 4k page, physical 1987384k(115812k free), swap 4137784k(5092k free)

vm_info: Java HotSpot(TM) 64-Bit Server VM (25.101-b13) for windows-amd64 JRE (1.8.0_101-b13), built on Jun 22 2016 01:21:29 by "java_re" with MS VC++ 10.0 (VS2010)

time: Tue Feb 14 22:35:43 2017
elapsed time: 1 seconds (0d 0h 0m 1s)

